{
  "stats": {
    "suites": 1,
    "tests": 1,
    "passes": 1,
    "pending": 0,
    "failures": 0,
    "start": "2022-10-08T07:42:10.124Z",
    "end": "2022-10-08T07:42:20.229Z",
    "duration": 10105,
    "testsRegistered": 1,
    "passPercent": 100,
    "pendingPercent": 0,
    "other": 0,
    "hasOther": false,
    "skipped": 0,
    "hasSkipped": false
  },
  "results": [
    {
      "uuid": "0c2b80f0-fe44-4d9b-a88d-8b8df82621f6",
      "title": "",
      "fullFile": "cypress\\e2e\\Fileupload.spec.cy.js",
      "file": "cypress\\e2e\\Fileupload.spec.cy.js",
      "beforeHooks": [],
      "afterHooks": [],
      "tests": [],
      "suites": [
        {
          "uuid": "a090c94d-263e-4774-9138-21153b92ce59",
          "title": "File Upload Test Case",
          "fullFile": "",
          "file": "",
          "beforeHooks": [],
          "afterHooks": [],
          "tests": [
            {
              "title": "uploading thge file",
              "fullTitle": "File Upload Test Case uploading thge file",
              "timedOut": null,
              "duration": 6331,
              "state": "passed",
              "speed": "medium",
              "pass": true,
              "fail": false,
              "pending": false,
              "context": null,
              "code": "fileUploadtest.clickingFileuploadBtn();\nfileUploadtest.clickingChoosenFileBth();\nfileUploadtest.clickingFileSubmitBtn();",
              "err": {},
              "uuid": "abe5f0d0-b8ee-41a8-953f-ac4ebaa6fc3f",
              "parentUUID": "a090c94d-263e-4774-9138-21153b92ce59",
              "isHook": false,
              "skipped": false
            }
          ],
          "suites": [],
          "passes": [
            "abe5f0d0-b8ee-41a8-953f-ac4ebaa6fc3f"
          ],
          "failures": [],
          "pending": [],
          "skipped": [],
          "duration": 6331,
          "root": false,
          "rootEmpty": false,
          "_timeout": 2000
        }
      ],
      "passes": [],
      "failures": [],
      "pending": [],
      "skipped": [],
      "duration": 0,
      "root": true,
      "rootEmpty": true,
      "_timeout": 2000
    }
  ],
  "meta": {
    "mocha": {
      "version": "7.0.1"
    },
    "mochawesome": {
      "options": {
        "quiet": false,
        "reportFilename": "mochawesome",
        "saveHtml": false,
        "saveJson": true,
        "consoleReporter": "spec",
        "useInlineDiffs": false,
        "code": true
      },
      "version": "7.1.3"
    },
    "marge": {
      "options": {
        "reportDir": "cypress/results",
        "overwrite": false,
        "html": false,
        "json": true,
        "charts": true
      },
      "version": "6.2.0"
    }
  }
}