{
  "stats": {
    "suites": 1,
    "tests": 1,
    "passes": 1,
    "pending": 0,
    "failures": 0,
    "start": "2022-10-08T07:46:16.778Z",
    "end": "2022-10-08T07:46:24.356Z",
    "duration": 7578,
    "testsRegistered": 1,
    "passPercent": 100,
    "pendingPercent": 0,
    "other": 0,
    "hasOther": false,
    "skipped": 0,
    "hasSkipped": false
  },
  "results": [
    {
      "uuid": "69be3d16-b40c-46ed-a8d5-d0c303374401",
      "title": "",
      "fullFile": "cypress\\e2e\\Fileupload.spec.cy.js",
      "file": "cypress\\e2e\\Fileupload.spec.cy.js",
      "beforeHooks": [],
      "afterHooks": [],
      "tests": [],
      "suites": [
        {
          "uuid": "23d9db6f-294e-44eb-bd14-e7945867e49c",
          "title": "File Upload Test Case",
          "fullFile": "",
          "file": "",
          "beforeHooks": [],
          "afterHooks": [],
          "tests": [
            {
              "title": "uploading thge file",
              "fullTitle": "File Upload Test Case uploading thge file",
              "timedOut": null,
              "duration": 4725,
              "state": "passed",
              "speed": "fast",
              "pass": true,
              "fail": false,
              "pending": false,
              "context": null,
              "code": "fileUploadtest.clickingFileuploadBtn();\nfileUploadtest.clickingChoosenFileBth();\nfileUploadtest.clickingFileSubmitBtn();",
              "err": {},
              "uuid": "244ba0f7-df62-46a5-83ec-c3519cb570b4",
              "parentUUID": "23d9db6f-294e-44eb-bd14-e7945867e49c",
              "isHook": false,
              "skipped": false
            }
          ],
          "suites": [],
          "passes": [
            "244ba0f7-df62-46a5-83ec-c3519cb570b4"
          ],
          "failures": [],
          "pending": [],
          "skipped": [],
          "duration": 4725,
          "root": false,
          "rootEmpty": false,
          "_timeout": 2000
        }
      ],
      "passes": [],
      "failures": [],
      "pending": [],
      "skipped": [],
      "duration": 0,
      "root": true,
      "rootEmpty": true,
      "_timeout": 2000
    }
  ],
  "meta": {
    "mocha": {
      "version": "7.0.1"
    },
    "mochawesome": {
      "options": {
        "quiet": false,
        "reportFilename": "mochawesome",
        "saveHtml": false,
        "saveJson": true,
        "consoleReporter": "spec",
        "useInlineDiffs": false,
        "code": true
      },
      "version": "7.1.3"
    },
    "marge": {
      "options": {
        "reportDir": "cypress/results",
        "overwrite": false,
        "html": false,
        "json": true,
        "charts": true
      },
      "version": "6.2.0"
    }
  }
}