{
  "stats": {
    "suites": 1,
    "tests": 1,
    "passes": 1,
    "pending": 0,
    "failures": 0,
    "start": "2022-10-08T07:29:33.763Z",
    "end": "2022-10-08T07:29:43.973Z",
    "duration": 10210,
    "testsRegistered": 1,
    "passPercent": 100,
    "pendingPercent": 0,
    "other": 0,
    "hasOther": false,
    "skipped": 0,
    "hasSkipped": false
  },
  "results": [
    {
      "uuid": "66979f37-d3d5-4abb-9ff0-abb646f41f07",
      "title": "",
      "fullFile": "cypress\\e2e\\Fileupload.spec.cy.js",
      "file": "cypress\\e2e\\Fileupload.spec.cy.js",
      "beforeHooks": [],
      "afterHooks": [],
      "tests": [],
      "suites": [
        {
          "uuid": "b52c249d-0f51-4c72-ac58-82f814f51be0",
          "title": "File Upload Test Case",
          "fullFile": "",
          "file": "",
          "beforeHooks": [],
          "afterHooks": [],
          "tests": [
            {
              "title": "uploading thge file",
              "fullTitle": "File Upload Test Case uploading thge file",
              "timedOut": null,
              "duration": 6422,
              "state": "passed",
              "speed": "medium",
              "pass": true,
              "fail": false,
              "pending": false,
              "context": null,
              "code": "fileUploadtest.clickingFileuploadBtn();\nfileUploadtest.clickingChoosenFileBth();\nfileUploadtest.clickingFileSubmitBtn();",
              "err": {},
              "uuid": "9f25e548-517f-4bd7-8493-c37f6424fcd9",
              "parentUUID": "b52c249d-0f51-4c72-ac58-82f814f51be0",
              "isHook": false,
              "skipped": false
            }
          ],
          "suites": [],
          "passes": [
            "9f25e548-517f-4bd7-8493-c37f6424fcd9"
          ],
          "failures": [],
          "pending": [],
          "skipped": [],
          "duration": 6422,
          "root": false,
          "rootEmpty": false,
          "_timeout": 2000
        }
      ],
      "passes": [],
      "failures": [],
      "pending": [],
      "skipped": [],
      "duration": 0,
      "root": true,
      "rootEmpty": true,
      "_timeout": 2000
    }
  ],
  "meta": {
    "mocha": {
      "version": "7.0.1"
    },
    "mochawesome": {
      "options": {
        "quiet": false,
        "reportFilename": "mochawesome",
        "saveHtml": false,
        "saveJson": true,
        "consoleReporter": "spec",
        "useInlineDiffs": false,
        "code": true
      },
      "version": "7.1.3"
    },
    "marge": {
      "options": {
        "reportDir": "cypress/results",
        "overwrite": false,
        "html": false,
        "json": true,
        "charts": true
      },
      "version": "6.2.0"
    }
  }
}