{
  "stats": {
    "suites": 1,
    "tests": 1,
    "passes": 0,
    "pending": 0,
    "failures": 1,
    "start": "2022-10-08T07:46:38.607Z",
    "end": "2022-10-08T07:46:54.308Z",
    "duration": 15701,
    "testsRegistered": 1,
    "passPercent": 0,
    "pendingPercent": 0,
    "other": 0,
    "hasOther": false,
    "skipped": 0,
    "hasSkipped": false
  },
  "results": [
    {
      "uuid": "f4fdc4b3-3ed9-4610-8224-55dc1675febf",
      "title": "",
      "fullFile": "cypress\\e2e\\checkbox.spec.cy.js",
      "file": "cypress\\e2e\\checkbox.spec.cy.js",
      "beforeHooks": [],
      "afterHooks": [],
      "tests": [],
      "suites": [
        {
          "uuid": "bca64bd3-92e8-4895-ab74-df4332ba3506",
          "title": "check box Test Case",
          "fullFile": "",
          "file": "",
          "beforeHooks": [],
          "afterHooks": [],
          "tests": [
            {
              "title": "checkbox",
              "fullTitle": "check box Test Case checkbox",
              "timedOut": null,
              "duration": 13518,
              "state": "failed",
              "speed": null,
              "pass": false,
              "fail": true,
              "pending": false,
              "context": null,
              "code": "Checkboxtest.ClickingCheckBox();\nCheckboxtest.pageVerify();\nCheckboxtest.SelectingOption();",
              "err": {
                "message": "AssertionError: Timed out retrying after 10000ms: Expected to find element: `undefined`, but never found it.",
                "estack": "AssertionError: Timed out retrying after 10000ms: Expected to find element: `undefined`, but never found it.\n    at CHeckBox.SelectingOption (webpack:///./cypress/support/pageObjects/checkBox.po.js:13:66)\n    at Context.eval (webpack:///./cypress/e2e/checkbox.spec.cy.js:12:19)",
                "diff": null
              },
              "uuid": "9712939e-a7b0-4de0-ba7a-57d19a6ab5f4",
              "parentUUID": "bca64bd3-92e8-4895-ab74-df4332ba3506",
              "isHook": false,
              "skipped": false
            }
          ],
          "suites": [],
          "passes": [],
          "failures": [
            "9712939e-a7b0-4de0-ba7a-57d19a6ab5f4"
          ],
          "pending": [],
          "skipped": [],
          "duration": 13518,
          "root": false,
          "rootEmpty": false,
          "_timeout": 2000
        }
      ],
      "passes": [],
      "failures": [],
      "pending": [],
      "skipped": [],
      "duration": 0,
      "root": true,
      "rootEmpty": true,
      "_timeout": 2000
    }
  ],
  "meta": {
    "mocha": {
      "version": "7.0.1"
    },
    "mochawesome": {
      "options": {
        "quiet": false,
        "reportFilename": "mochawesome",
        "saveHtml": false,
        "saveJson": true,
        "consoleReporter": "spec",
        "useInlineDiffs": false,
        "code": true
      },
      "version": "7.1.3"
    },
    "marge": {
      "options": {
        "reportDir": "cypress/results",
        "overwrite": false,
        "html": false,
        "json": true,
        "charts": true
      },
      "version": "6.2.0"
    }
  }
}