{
  "stats": {
    "suites": 1,
    "tests": 1,
    "passes": 1,
    "pending": 0,
    "failures": 0,
    "start": "2022-10-08T07:54:56.808Z",
    "end": "2022-10-08T07:55:07.054Z",
    "duration": 10246,
    "testsRegistered": 1,
    "passPercent": 100,
    "pendingPercent": 0,
    "other": 0,
    "hasOther": false,
    "skipped": 0,
    "hasSkipped": false
  },
  "results": [
    {
      "uuid": "0c06c7ee-a023-4b15-82e0-cf051c642a17",
      "title": "",
      "fullFile": "cypress\\e2e\\Fileupload.spec.cy.js",
      "file": "cypress\\e2e\\Fileupload.spec.cy.js",
      "beforeHooks": [],
      "afterHooks": [],
      "tests": [],
      "suites": [
        {
          "uuid": "6d4836d8-fbbd-4247-bc5e-1c8d58f8f588",
          "title": "File Upload Test Case",
          "fullFile": "",
          "file": "",
          "beforeHooks": [],
          "afterHooks": [],
          "tests": [
            {
              "title": "uploading thge file",
              "fullTitle": "File Upload Test Case uploading thge file",
              "timedOut": null,
              "duration": 6199,
              "state": "passed",
              "speed": "medium",
              "pass": true,
              "fail": false,
              "pending": false,
              "context": null,
              "code": "fileUploadtest.clickingFileuploadBtn();\nfileUploadtest.clickingChoosenFileBth();\nfileUploadtest.clickingFileSubmitBtn();",
              "err": {},
              "uuid": "75c0ac08-8299-4b3f-ac5a-ec4861fc4fa9",
              "parentUUID": "6d4836d8-fbbd-4247-bc5e-1c8d58f8f588",
              "isHook": false,
              "skipped": false
            }
          ],
          "suites": [],
          "passes": [
            "75c0ac08-8299-4b3f-ac5a-ec4861fc4fa9"
          ],
          "failures": [],
          "pending": [],
          "skipped": [],
          "duration": 6199,
          "root": false,
          "rootEmpty": false,
          "_timeout": 2000
        }
      ],
      "passes": [],
      "failures": [],
      "pending": [],
      "skipped": [],
      "duration": 0,
      "root": true,
      "rootEmpty": true,
      "_timeout": 2000
    }
  ],
  "meta": {
    "mocha": {
      "version": "7.0.1"
    },
    "mochawesome": {
      "options": {
        "quiet": false,
        "reportFilename": "mochawesome",
        "saveHtml": false,
        "saveJson": true,
        "consoleReporter": "spec",
        "useInlineDiffs": false,
        "code": true
      },
      "version": "7.1.3"
    },
    "marge": {
      "options": {
        "reportDir": "cypress/results",
        "overwrite": false,
        "html": false,
        "json": true,
        "charts": true
      },
      "version": "6.2.0"
    }
  }
}