{
  "stats": {
    "suites": 1,
    "tests": 1,
    "passes": 1,
    "pending": 0,
    "failures": 0,
    "start": "2022-10-08T07:43:23.880Z",
    "end": "2022-10-08T07:43:33.674Z",
    "duration": 9794,
    "testsRegistered": 1,
    "passPercent": 100,
    "pendingPercent": 0,
    "other": 0,
    "hasOther": false,
    "skipped": 0,
    "hasSkipped": false
  },
  "results": [
    {
      "uuid": "bbdb50c9-227a-4ad2-8889-4b7da2a355ee",
      "title": "",
      "fullFile": "cypress\\e2e\\iframe.spec.cy.js",
      "file": "cypress\\e2e\\iframe.spec.cy.js",
      "beforeHooks": [],
      "afterHooks": [],
      "tests": [],
      "suites": [
        {
          "uuid": "9abe2159-119b-48e3-bd1f-74a7853da9fd",
          "title": "File Upload Test Case",
          "fullFile": "",
          "file": "",
          "beforeHooks": [],
          "afterHooks": [],
          "tests": [
            {
              "title": "Iframe test Case",
              "fullTitle": "File Upload Test Case Iframe test Case",
              "timedOut": null,
              "duration": 7655,
              "state": "passed",
              "speed": "medium",
              "pass": true,
              "fail": false,
              "pending": false,
              "context": null,
              "code": "iFramestest.ClickingFrame();\niFramestest.ClickingIframe(); //iFramestest.typeBody() \niFramestest.pageVerification();\niFramestest.ClickingFrameBody();\niFramestest.ClickingBold();\niFramestest.ClickingItalic();\niFramestest.ClickingFormat();\niFramestest.ClickingAllingment(); // iFramestest.ClickingTextColor()\n//iFramestest.ClickingRedColor()",
              "err": {},
              "uuid": "70d6f6cf-70e6-4dfd-9aaf-95cd465653c3",
              "parentUUID": "9abe2159-119b-48e3-bd1f-74a7853da9fd",
              "isHook": false,
              "skipped": false
            }
          ],
          "suites": [],
          "passes": [
            "70d6f6cf-70e6-4dfd-9aaf-95cd465653c3"
          ],
          "failures": [],
          "pending": [],
          "skipped": [],
          "duration": 7655,
          "root": false,
          "rootEmpty": false,
          "_timeout": 2000
        }
      ],
      "passes": [],
      "failures": [],
      "pending": [],
      "skipped": [],
      "duration": 0,
      "root": true,
      "rootEmpty": true,
      "_timeout": 2000
    }
  ],
  "meta": {
    "mocha": {
      "version": "7.0.1"
    },
    "mochawesome": {
      "options": {
        "quiet": false,
        "reportFilename": "mochawesome",
        "saveHtml": false,
        "saveJson": true,
        "consoleReporter": "spec",
        "useInlineDiffs": false,
        "code": true
      },
      "version": "7.1.3"
    },
    "marge": {
      "options": {
        "reportDir": "cypress/results",
        "overwrite": false,
        "html": false,
        "json": true,
        "charts": true
      },
      "version": "6.2.0"
    }
  }
}