{
  "stats": {
    "suites": 1,
    "tests": 1,
    "passes": 1,
    "pending": 0,
    "failures": 0,
    "start": "2022-10-10T09:28:28.566Z",
    "end": "2022-10-10T09:28:36.220Z",
    "duration": 7654,
    "testsRegistered": 1,
    "passPercent": 100,
    "pendingPercent": 0,
    "other": 0,
    "hasOther": false,
    "skipped": 0,
    "hasSkipped": false
  },
  "results": [
    {
      "uuid": "e0f84c36-c7dc-4f4f-a0f8-28fb3b1ce081",
      "title": "",
      "fullFile": "cypress\\e2e\\draganddrop.spec.cy.js",
      "file": "cypress\\e2e\\draganddrop.spec.cy.js",
      "beforeHooks": [],
      "afterHooks": [],
      "tests": [],
      "suites": [
        {
          "uuid": "e89eeb22-761a-441f-97dd-f3698ca105fe",
          "title": "DragandDropItem Test Case",
          "fullFile": "",
          "file": "",
          "beforeHooks": [],
          "afterHooks": [],
          "tests": [
            {
              "title": "drag and drop element",
              "fullTitle": "DragandDropItem Test Case drag and drop element",
              "timedOut": null,
              "duration": 5224,
              "state": "passed",
              "speed": "medium",
              "pass": true,
              "fail": false,
              "pending": false,
              "context": null,
              "code": "DragandDrop.titleVerify();\nDragandDrop.clickingDragandDrop();\nDragandDrop.pageverify();\nDragandDrop.ClickingDragItem();\nDragandDrop.clickDropItem();",
              "err": {},
              "uuid": "e8983240-74ad-4fd5-9a7e-76b2aa9af41c",
              "parentUUID": "e89eeb22-761a-441f-97dd-f3698ca105fe",
              "isHook": false,
              "skipped": false
            }
          ],
          "suites": [],
          "passes": [
            "e8983240-74ad-4fd5-9a7e-76b2aa9af41c"
          ],
          "failures": [],
          "pending": [],
          "skipped": [],
          "duration": 5224,
          "root": false,
          "rootEmpty": false,
          "_timeout": 2000
        }
      ],
      "passes": [],
      "failures": [],
      "pending": [],
      "skipped": [],
      "duration": 0,
      "root": true,
      "rootEmpty": true,
      "_timeout": 2000
    }
  ],
  "meta": {
    "mocha": {
      "version": "7.0.1"
    },
    "mochawesome": {
      "options": {
        "quiet": false,
        "reportFilename": "report",
        "saveHtml": true,
        "saveJson": true,
        "consoleReporter": "spec",
        "useInlineDiffs": false,
        "code": true
      },
      "version": "7.1.3"
    },
    "marge": {
      "options": {
        "reportDir": "cypress/reports",
        "reportFilename": "report",
        "overwrite": false,
        "html": true,
        "json": true,
        "charts": true
      },
      "version": "6.2.0"
    }
  }
}