{
  "stats": {
    "suites": 1,
    "tests": 1,
    "passes": 1,
    "pending": 0,
    "failures": 0,
    "start": "2022-10-10T09:28:50.396Z",
    "end": "2022-10-10T09:28:57.292Z",
    "duration": 6896,
    "testsRegistered": 1,
    "passPercent": 100,
    "pendingPercent": 0,
    "other": 0,
    "hasOther": false,
    "skipped": 0,
    "hasSkipped": false
  },
  "results": [
    {
      "uuid": "cc90c5e9-5802-40a4-a651-64400c0e820a",
      "title": "",
      "fullFile": "cypress\\e2e\\fileupload.spec.cy.js",
      "file": "cypress\\e2e\\fileupload.spec.cy.js",
      "beforeHooks": [],
      "afterHooks": [],
      "tests": [],
      "suites": [
        {
          "uuid": "6aa6805e-1295-4abf-ada3-3377962374ab",
          "title": "File Upload Test Case",
          "fullFile": "",
          "file": "",
          "beforeHooks": [],
          "afterHooks": [],
          "tests": [
            {
              "title": "uploading thge file",
              "fullTitle": "File Upload Test Case uploading thge file",
              "timedOut": null,
              "duration": 4775,
              "state": "passed",
              "speed": "fast",
              "pass": true,
              "fail": false,
              "pending": false,
              "context": null,
              "code": "FileUploadtest.titleVerify();\nFileUploadtest.CheckVisible();\nFileUploadtest.clickingFileuploadBtn();\nFileUploadtest.pageverify();\nFileUploadtest.clickingChoosenFileBth();\nFileUploadtest.clickingFileSubmitBtn();",
              "err": {},
              "uuid": "7519e813-7234-4d5d-82b3-8e2eab4cc889",
              "parentUUID": "6aa6805e-1295-4abf-ada3-3377962374ab",
              "isHook": false,
              "skipped": false
            }
          ],
          "suites": [],
          "passes": [
            "7519e813-7234-4d5d-82b3-8e2eab4cc889"
          ],
          "failures": [],
          "pending": [],
          "skipped": [],
          "duration": 4775,
          "root": false,
          "rootEmpty": false,
          "_timeout": 2000
        }
      ],
      "passes": [],
      "failures": [],
      "pending": [],
      "skipped": [],
      "duration": 0,
      "root": true,
      "rootEmpty": true,
      "_timeout": 2000
    }
  ],
  "meta": {
    "mocha": {
      "version": "7.0.1"
    },
    "mochawesome": {
      "options": {
        "quiet": false,
        "reportFilename": "report",
        "saveHtml": true,
        "saveJson": true,
        "consoleReporter": "spec",
        "useInlineDiffs": false,
        "code": true
      },
      "version": "7.1.3"
    },
    "marge": {
      "options": {
        "reportDir": "cypress/reports",
        "reportFilename": "report",
        "overwrite": false,
        "html": true,
        "json": true,
        "charts": true
      },
      "version": "6.2.0"
    }
  }
}