{
  "stats": {
    "suites": 1,
    "tests": 1,
    "passes": 1,
    "pending": 0,
    "failures": 0,
    "start": "2022-10-10T09:28:01.201Z",
    "end": "2022-10-10T09:28:12.455Z",
    "duration": 11254,
    "testsRegistered": 1,
    "passPercent": 100,
    "pendingPercent": 0,
    "other": 0,
    "hasOther": false,
    "skipped": 0,
    "hasSkipped": false
  },
  "results": [
    {
      "uuid": "578a6398-c51b-4a86-a732-15b370f7e1af",
      "title": "",
      "fullFile": "cypress\\e2e\\checkbox.spec.cy.js",
      "file": "cypress\\e2e\\checkbox.spec.cy.js",
      "beforeHooks": [],
      "afterHooks": [],
      "tests": [],
      "suites": [
        {
          "uuid": "e120af5a-e994-4612-800f-255ca3aaf107",
          "title": "check box Test Case",
          "fullFile": "",
          "file": "",
          "beforeHooks": [],
          "afterHooks": [],
          "tests": [
            {
              "title": "checkbox",
              "fullTitle": "check box Test Case checkbox",
              "timedOut": null,
              "duration": 7899,
              "state": "passed",
              "speed": "medium",
              "pass": true,
              "fail": false,
              "pending": false,
              "context": null,
              "code": "Checkboxtest.titleVerify();\nCheckboxtest.VisibelCheck();\nCheckboxtest.ClickingCheckBox();\nCheckboxtest.pageVerify();\nCheckboxtest.SelectingOption();",
              "err": {},
              "uuid": "2607c5e5-84b6-40a8-998d-9ef8d3120997",
              "parentUUID": "e120af5a-e994-4612-800f-255ca3aaf107",
              "isHook": false,
              "skipped": false
            }
          ],
          "suites": [],
          "passes": [
            "2607c5e5-84b6-40a8-998d-9ef8d3120997"
          ],
          "failures": [],
          "pending": [],
          "skipped": [],
          "duration": 7899,
          "root": false,
          "rootEmpty": false,
          "_timeout": 2000
        }
      ],
      "passes": [],
      "failures": [],
      "pending": [],
      "skipped": [],
      "duration": 0,
      "root": true,
      "rootEmpty": true,
      "_timeout": 2000
    }
  ],
  "meta": {
    "mocha": {
      "version": "7.0.1"
    },
    "mochawesome": {
      "options": {
        "quiet": false,
        "reportFilename": "report",
        "saveHtml": true,
        "saveJson": true,
        "consoleReporter": "spec",
        "useInlineDiffs": false,
        "code": true
      },
      "version": "7.1.3"
    },
    "marge": {
      "options": {
        "reportDir": "cypress/reports",
        "reportFilename": "report",
        "overwrite": false,
        "html": true,
        "json": true,
        "charts": true
      },
      "version": "6.2.0"
    }
  }
}